<?xml version="1.0" encoding="UTF-8" ?>
<testsuite failures="0" time="0.059" errors="0" skipped="0" tests="1" name="hob.psd.todo.mapper.converter.StringToDateConverterTest">
  <properties>
    <property name="java.runtime.name" value="Java(TM) SE Runtime Environment"/>
    <property name="sun.boot.library.path" value="C:\Program Files\Java\jdk1.7.0_71\jre\bin"/>
    <property name="java.vm.version" value="24.71-b01"/>
    <property name="java.vm.vendor" value="Oracle Corporation"/>
    <property name="java.vendor.url" value="http://java.oracle.com/"/>
    <property name="path.separator" value=";"/>
    <property name="java.vm.name" value="Java HotSpot(TM) 64-Bit Server VM"/>
    <property name="file.encoding.pkg" value="sun.io"/>
    <property name="user.script" value=""/>
    <property name="user.country" value="US"/>
    <property name="sun.java.launcher" value="SUN_STANDARD"/>
    <property name="sun.os.patch.level" value="Service Pack 1"/>
    <property name="java.vm.specification.name" value="Java Virtual Machine Specification"/>
    <property name="user.dir" value="E:\e\Workspace\Kepler WorkSpace\TodoApp"/>
    <property name="java.runtime.version" value="1.7.0_71-b14"/>
    <property name="java.awt.graphicsenv" value="sun.awt.Win32GraphicsEnvironment"/>
    <property name="basedir" value="E:\e\Workspace\Kepler WorkSpace\TodoApp"/>
    <property name="java.endorsed.dirs" value="C:\Program Files\Java\jdk1.7.0_71\jre\lib\endorsed"/>
    <property name="os.arch" value="amd64"/>
    <property name="surefire.real.class.path" value="C:\Users\LGUNTI~1.NIS\AppData\Local\Temp\surefirebooter2622380256072594166.jar"/>
    <property name="java.io.tmpdir" value="C:\Users\LGUNTI~1.NIS\AppData\Local\Temp\"/>
    <property name="line.separator" value="
"/>
    <property name="java.vm.specification.vendor" value="Oracle Corporation"/>
    <property name="user.variant" value=""/>
    <property name="os.name" value="Windows 7"/>
    <property name="sun.jnu.encoding" value="Cp1252"/>
    <property name="java.library.path" value="C:\Program Files\Java\jdk1.7.0_71\jre\bin;C:\Windows\Sun\Java\bin;C:\Windows\system32;C:\Windows;C:\Windows\system32;C:\Windows;C:\Windows\System32\Wbem;C:\Windows\System32\WindowsPowerShell\v1.0\;C:\Program Files\TortoiseSVN\bin;C:\Program Files\apache-maven-2.2.1\bin;C:\Program Files\Java\jdk1.6.0_37\bin;D:\Software\Java Software\sonar-3.6.3\bin\windows-x86-64;C:\Program Files\TortoiseGit\bin;D:\TestEnv\MyProj;C:\Program Files (x86)\RSA Security\RSA SecurID Software Token\;C:\apache-ant-1.9.4\bin;D:\Software\Java Software\MySQL for Windows 7\mysql-5.5.36-winx64\bin;."/>
    <property name="surefire.test.class.path" value="E:\e\Workspace\Kepler WorkSpace\TodoApp\target\test-classes;E:\e\Workspace\Kepler WorkSpace\TodoApp\target\classes;C:\Users\lgunti.NISUM\.m2\repository\javax\servlet\javax.servlet-api\3.1.0\javax.servlet-api-3.1.0.jar;C:\Users\lgunti.NISUM\.m2\repository\org\springframework\spring-core\3.1.1.RELEASE\spring-core-3.1.1.RELEASE.jar;C:\Users\lgunti.NISUM\.m2\repository\org\springframework\spring-asm\3.1.1.RELEASE\spring-asm-3.1.1.RELEASE.jar;C:\Users\lgunti.NISUM\.m2\repository\commons-logging\commons-logging\1.0.4\commons-logging-1.0.4.jar;C:\Users\lgunti.NISUM\.m2\repository\org\springframework\spring-webmvc\3.1.1.RELEASE\spring-webmvc-3.1.1.RELEASE.jar;C:\Users\lgunti.NISUM\.m2\repository\org\springframework\spring-beans\3.1.1.RELEASE\spring-beans-3.1.1.RELEASE.jar;C:\Users\lgunti.NISUM\.m2\repository\org\springframework\spring-context\3.1.1.RELEASE\spring-context-3.1.1.RELEASE.jar;C:\Users\lgunti.NISUM\.m2\repository\org\springframework\spring-aop\3.1.1.RELEASE\spring-aop-3.1.1.RELEASE.jar;C:\Users\lgunti.NISUM\.m2\repository\aopalliance\aopalliance\1.0\aopalliance-1.0.jar;C:\Users\lgunti.NISUM\.m2\repository\org\springframework\spring-expression\3.1.1.RELEASE\spring-expression-3.1.1.RELEASE.jar;C:\Users\lgunti.NISUM\.m2\repository\org\springframework\spring-context-support\3.1.1.RELEASE\spring-context-support-3.1.1.RELEASE.jar;C:\Users\lgunti.NISUM\.m2\repository\org\springframework\spring-web\3.1.1.RELEASE\spring-web-3.1.1.RELEASE.jar;C:\Users\lgunti.NISUM\.m2\repository\org\springframework\spring-orm\3.1.1.RELEASE\spring-orm-3.1.1.RELEASE.jar;C:\Users\lgunti.NISUM\.m2\repository\org\springframework\spring-jdbc\3.1.1.RELEASE\spring-jdbc-3.1.1.RELEASE.jar;C:\Users\lgunti.NISUM\.m2\repository\org\springframework\spring-tx\3.1.1.RELEASE\spring-tx-3.1.1.RELEASE.jar;C:\Users\lgunti.NISUM\.m2\repository\javax\servlet\com.springsource.javax.servlet.jsp.jstl\1.2.0\com.springsource.javax.servlet.jsp.jstl-1.2.0.jar;C:\Users\lgunti.NISUM\.m2\repository\org\apache\taglibs\com.springsource.org.apache.taglibs.standard\1.1.2\com.springsource.org.apache.taglibs.standard-1.1.2.jar;C:\Users\lgunti.NISUM\.m2\repository\org\apache\tiles\tiles-core\2.2.2\tiles-core-2.2.2.jar;C:\Users\lgunti.NISUM\.m2\repository\org\apache\tiles\tiles-api\2.2.2\tiles-api-2.2.2.jar;C:\Users\lgunti.NISUM\.m2\repository\commons-digester\commons-digester\2.0\commons-digester-2.0.jar;C:\Users\lgunti.NISUM\.m2\repository\commons-beanutils\commons-beanutils\1.8.0\commons-beanutils-1.8.0.jar;C:\Users\lgunti.NISUM\.m2\repository\org\slf4j\jcl-over-slf4j\1.5.8\jcl-over-slf4j-1.5.8.jar;C:\Users\lgunti.NISUM\.m2\repository\org\slf4j\slf4j-api\1.5.8\slf4j-api-1.5.8.jar;C:\Users\lgunti.NISUM\.m2\repository\org\apache\tiles\tiles-jsp\2.2.2\tiles-jsp-2.2.2.jar;C:\Users\lgunti.NISUM\.m2\repository\org\apache\tiles\tiles-servlet\2.2.2\tiles-servlet-2.2.2.jar;C:\Users\lgunti.NISUM\.m2\repository\org\apache\tiles\tiles-template\2.2.2\tiles-template-2.2.2.jar;C:\Users\lgunti.NISUM\.m2\repository\mysql\mysql-connector-java\5.0.8\mysql-connector-java-5.0.8.jar;C:\Users\lgunti.NISUM\.m2\repository\antlr\antlr\2.7.2\antlr-2.7.2.jar;C:\Users\lgunti.NISUM\.m2\repository\asm\asm\1.5.3\asm-1.5.3.jar;C:\Users\lgunti.NISUM\.m2\repository\asm\asm-attrs\1.5.3\asm-attrs-1.5.3.jar;C:\Users\lgunti.NISUM\.m2\repository\cglib\cglib-nodep\2.1_3\cglib-nodep-2.1_3.jar;C:\Users\lgunti.NISUM\.m2\repository\commons-collections\commons-collections\2.1.1\commons-collections-2.1.1.jar;C:\Users\lgunti.NISUM\.m2\repository\commons-fileupload\commons-fileupload\1.2.1\commons-fileupload-1.2.1.jar;C:\Users\lgunti.NISUM\.m2\repository\commons-io\commons-io\1.3.2\commons-io-1.3.2.jar;C:\Users\lgunti.NISUM\.m2\repository\commons-lang\commons-lang\2.4\commons-lang-2.4.jar;C:\Users\lgunti.NISUM\.m2\repository\commons-codec\commons-codec\1.2\commons-codec-1.2.jar;C:\Users\lgunti.NISUM\.m2\repository\org\apache\commons\commons-lang3\3.1\commons-lang3-3.1.jar;C:\Users\lgunti.NISUM\.m2\repository\commons-logging\commons-logging-api\1.1\commons-logging-api-1.1.jar;C:\Users\lgunti.NISUM\.m2\repository\dom4j\dom4j\1.6.1\dom4j-1.6.1.jar;C:\Users\lgunti.NISUM\.m2\repository\xml-apis\xml-apis\1.0.b2\xml-apis-1.0.b2.jar;C:\Users\lgunti.NISUM\.m2\repository\org\freemarker\freemarker\2.3.18\freemarker-2.3.18.jar;C:\Users\lgunti.NISUM\.m2\repository\org\hibernate\hibernate\3.2.6.ga\hibernate-3.2.6.ga.jar;C:\Users\lgunti.NISUM\.m2\repository\net\sf\ehcache\ehcache\1.2.3\ehcache-1.2.3.jar;C:\Users\lgunti.NISUM\.m2\repository\javax\transaction\jta\1.1\jta-1.1.jar;C:\Users\lgunti.NISUM\.m2\repository\cglib\cglib\2.1_3\cglib-2.1_3.jar;C:\Users\lgunti.NISUM\.m2\repository\org\hibernate\hibernate-annotations\3.3.1.GA\hibernate-annotations-3.3.1.GA.jar;C:\Users\lgunti.NISUM\.m2\repository\org\hibernate\hibernate-commons-annotations\3.0.0.ga\hibernate-commons-annotations-3.0.0.ga.jar;C:\Users\lgunti.NISUM\.m2\repository\org\hibernate\ejb3-persistence\1.0.1.GA\ejb3-persistence-1.0.1.GA.jar;C:\Users\lgunti.NISUM\.m2\repository\org\hibernate\hibernate-entitymanager\3.3.2.GA\hibernate-entitymanager-3.3.2.GA.jar;C:\Users\lgunti.NISUM\.m2\repository\javassist\javassist\3.12.1.GA\javassist-3.12.1.GA.jar;C:\Users\lgunti.NISUM\.m2\repository\org\hibernate\javax\persistence\hibernate-jpa-2.0-api\1.0.1.Final\hibernate-jpa-2.0-api-1.0.1.Final.jar;C:\Users\lgunti.NISUM\.m2\repository\org\hibernate\hibernate-validator\4.0.2.GA\hibernate-validator-4.0.2.GA.jar;C:\Users\lgunti.NISUM\.m2\repository\javax\validation\validation-api\1.0.0.GA\validation-api-1.0.0.GA.jar;C:\Users\lgunti.NISUM\.m2\repository\javax\xml\bind\jaxb-api\2.1\jaxb-api-2.1.jar;C:\Users\lgunti.NISUM\.m2\repository\javax\xml\stream\stax-api\1.0-2\stax-api-1.0-2.jar;C:\Users\lgunti.NISUM\.m2\repository\javax\activation\activation\1.1\activation-1.1.jar;C:\Users\lgunti.NISUM\.m2\repository\com\sun\xml\bind\jaxb-impl\2.1.3\jaxb-impl-2.1.3.jar;C:\Users\lgunti.NISUM\.m2\repository\org\javassist\javassist\3.15.0-GA\javassist-3.15.0-GA.jar;C:\Users\lgunti.NISUM\.m2\repository\ma\glasnost\orika\orika-core\1.4.2\orika-core-1.4.2.jar;C:\Users\lgunti.NISUM\.m2\repository\com\thoughtworks\paranamer\paranamer\2.6\paranamer-2.6.jar;C:\Users\lgunti.NISUM\.m2\repository\com\googlecode\concurrentlinkedhashmap\concurrentlinkedhashmap-lru\1.2_jdk5\concurrentlinkedhashmap-lru-1.2_jdk5.jar;C:\Users\lgunti.NISUM\.m2\repository\org\codehaus\jackson\jackson-mapper-asl\1.9.13\jackson-mapper-asl-1.9.13.jar;C:\Users\lgunti.NISUM\.m2\repository\org\codehaus\jackson\jackson-core-asl\1.9.13\jackson-core-asl-1.9.13.jar;C:\Users\lgunti.NISUM\.m2\repository\org\slf4j\slf4j-log4j12\1.4.2\slf4j-log4j12-1.4.2.jar;C:\Users\lgunti.NISUM\.m2\repository\log4j\log4j\1.2.15\log4j-1.2.15.jar;C:\Users\lgunti.NISUM\.m2\repository\javax\mail\mail\1.4\mail-1.4.jar;C:\Users\lgunti.NISUM\.m2\repository\javax\jms\jms\1.1\jms-1.1.jar;C:\Users\lgunti.NISUM\.m2\repository\com\sun\jdmk\jmxtools\1.2.1\jmxtools-1.2.1.jar;C:\Users\lgunti.NISUM\.m2\repository\com\sun\jmx\jmxri\1.2.1\jmxri-1.2.1.jar;C:\Users\lgunti.NISUM\.m2\repository\junit\junit\4.11\junit-4.11.jar;C:\Users\lgunti.NISUM\.m2\repository\org\hamcrest\hamcrest-core\1.3\hamcrest-core-1.3.jar;"/>
    <property name="java.specification.name" value="Java Platform API Specification"/>
    <property name="java.class.version" value="51.0"/>
    <property name="sun.management.compiler" value="HotSpot 64-Bit Tiered Compilers"/>
    <property name="os.version" value="6.1"/>
    <property name="user.home" value="C:\Users\lgunti.NISUM"/>
    <property name="user.timezone" value="Asia/Calcutta"/>
    <property name="java.awt.printerjob" value="sun.awt.windows.WPrinterJob"/>
    <property name="java.specification.version" value="1.7"/>
    <property name="file.encoding" value="Cp1252"/>
    <property name="user.name" value="lgunti"/>
    <property name="java.class.path" value="E:\e\Workspace\Kepler WorkSpace\TodoApp\target\test-classes;E:\e\Workspace\Kepler WorkSpace\TodoApp\target\classes;C:\Users\lgunti.NISUM\.m2\repository\javax\servlet\javax.servlet-api\3.1.0\javax.servlet-api-3.1.0.jar;C:\Users\lgunti.NISUM\.m2\repository\org\springframework\spring-core\3.1.1.RELEASE\spring-core-3.1.1.RELEASE.jar;C:\Users\lgunti.NISUM\.m2\repository\org\springframework\spring-asm\3.1.1.RELEASE\spring-asm-3.1.1.RELEASE.jar;C:\Users\lgunti.NISUM\.m2\repository\commons-logging\commons-logging\1.0.4\commons-logging-1.0.4.jar;C:\Users\lgunti.NISUM\.m2\repository\org\springframework\spring-webmvc\3.1.1.RELEASE\spring-webmvc-3.1.1.RELEASE.jar;C:\Users\lgunti.NISUM\.m2\repository\org\springframework\spring-beans\3.1.1.RELEASE\spring-beans-3.1.1.RELEASE.jar;C:\Users\lgunti.NISUM\.m2\repository\org\springframework\spring-context\3.1.1.RELEASE\spring-context-3.1.1.RELEASE.jar;C:\Users\lgunti.NISUM\.m2\repository\org\springframework\spring-aop\3.1.1.RELEASE\spring-aop-3.1.1.RELEASE.jar;C:\Users\lgunti.NISUM\.m2\repository\aopalliance\aopalliance\1.0\aopalliance-1.0.jar;C:\Users\lgunti.NISUM\.m2\repository\org\springframework\spring-expression\3.1.1.RELEASE\spring-expression-3.1.1.RELEASE.jar;C:\Users\lgunti.NISUM\.m2\repository\org\springframework\spring-context-support\3.1.1.RELEASE\spring-context-support-3.1.1.RELEASE.jar;C:\Users\lgunti.NISUM\.m2\repository\org\springframework\spring-web\3.1.1.RELEASE\spring-web-3.1.1.RELEASE.jar;C:\Users\lgunti.NISUM\.m2\repository\org\springframework\spring-orm\3.1.1.RELEASE\spring-orm-3.1.1.RELEASE.jar;C:\Users\lgunti.NISUM\.m2\repository\org\springframework\spring-jdbc\3.1.1.RELEASE\spring-jdbc-3.1.1.RELEASE.jar;C:\Users\lgunti.NISUM\.m2\repository\org\springframework\spring-tx\3.1.1.RELEASE\spring-tx-3.1.1.RELEASE.jar;C:\Users\lgunti.NISUM\.m2\repository\javax\servlet\com.springsource.javax.servlet.jsp.jstl\1.2.0\com.springsource.javax.servlet.jsp.jstl-1.2.0.jar;C:\Users\lgunti.NISUM\.m2\repository\org\apache\taglibs\com.springsource.org.apache.taglibs.standard\1.1.2\com.springsource.org.apache.taglibs.standard-1.1.2.jar;C:\Users\lgunti.NISUM\.m2\repository\org\apache\tiles\tiles-core\2.2.2\tiles-core-2.2.2.jar;C:\Users\lgunti.NISUM\.m2\repository\org\apache\tiles\tiles-api\2.2.2\tiles-api-2.2.2.jar;C:\Users\lgunti.NISUM\.m2\repository\commons-digester\commons-digester\2.0\commons-digester-2.0.jar;C:\Users\lgunti.NISUM\.m2\repository\commons-beanutils\commons-beanutils\1.8.0\commons-beanutils-1.8.0.jar;C:\Users\lgunti.NISUM\.m2\repository\org\slf4j\jcl-over-slf4j\1.5.8\jcl-over-slf4j-1.5.8.jar;C:\Users\lgunti.NISUM\.m2\repository\org\slf4j\slf4j-api\1.5.8\slf4j-api-1.5.8.jar;C:\Users\lgunti.NISUM\.m2\repository\org\apache\tiles\tiles-jsp\2.2.2\tiles-jsp-2.2.2.jar;C:\Users\lgunti.NISUM\.m2\repository\org\apache\tiles\tiles-servlet\2.2.2\tiles-servlet-2.2.2.jar;C:\Users\lgunti.NISUM\.m2\repository\org\apache\tiles\tiles-template\2.2.2\tiles-template-2.2.2.jar;C:\Users\lgunti.NISUM\.m2\repository\mysql\mysql-connector-java\5.0.8\mysql-connector-java-5.0.8.jar;C:\Users\lgunti.NISUM\.m2\repository\antlr\antlr\2.7.2\antlr-2.7.2.jar;C:\Users\lgunti.NISUM\.m2\repository\asm\asm\1.5.3\asm-1.5.3.jar;C:\Users\lgunti.NISUM\.m2\repository\asm\asm-attrs\1.5.3\asm-attrs-1.5.3.jar;C:\Users\lgunti.NISUM\.m2\repository\cglib\cglib-nodep\2.1_3\cglib-nodep-2.1_3.jar;C:\Users\lgunti.NISUM\.m2\repository\commons-collections\commons-collections\2.1.1\commons-collections-2.1.1.jar;C:\Users\lgunti.NISUM\.m2\repository\commons-fileupload\commons-fileupload\1.2.1\commons-fileupload-1.2.1.jar;C:\Users\lgunti.NISUM\.m2\repository\commons-io\commons-io\1.3.2\commons-io-1.3.2.jar;C:\Users\lgunti.NISUM\.m2\repository\commons-lang\commons-lang\2.4\commons-lang-2.4.jar;C:\Users\lgunti.NISUM\.m2\repository\commons-codec\commons-codec\1.2\commons-codec-1.2.jar;C:\Users\lgunti.NISUM\.m2\repository\org\apache\commons\commons-lang3\3.1\commons-lang3-3.1.jar;C:\Users\lgunti.NISUM\.m2\repository\commons-logging\commons-logging-api\1.1\commons-logging-api-1.1.jar;C:\Users\lgunti.NISUM\.m2\repository\dom4j\dom4j\1.6.1\dom4j-1.6.1.jar;C:\Users\lgunti.NISUM\.m2\repository\xml-apis\xml-apis\1.0.b2\xml-apis-1.0.b2.jar;C:\Users\lgunti.NISUM\.m2\repository\org\freemarker\freemarker\2.3.18\freemarker-2.3.18.jar;C:\Users\lgunti.NISUM\.m2\repository\org\hibernate\hibernate\3.2.6.ga\hibernate-3.2.6.ga.jar;C:\Users\lgunti.NISUM\.m2\repository\net\sf\ehcache\ehcache\1.2.3\ehcache-1.2.3.jar;C:\Users\lgunti.NISUM\.m2\repository\javax\transaction\jta\1.1\jta-1.1.jar;C:\Users\lgunti.NISUM\.m2\repository\cglib\cglib\2.1_3\cglib-2.1_3.jar;C:\Users\lgunti.NISUM\.m2\repository\org\hibernate\hibernate-annotations\3.3.1.GA\hibernate-annotations-3.3.1.GA.jar;C:\Users\lgunti.NISUM\.m2\repository\org\hibernate\hibernate-commons-annotations\3.0.0.ga\hibernate-commons-annotations-3.0.0.ga.jar;C:\Users\lgunti.NISUM\.m2\repository\org\hibernate\ejb3-persistence\1.0.1.GA\ejb3-persistence-1.0.1.GA.jar;C:\Users\lgunti.NISUM\.m2\repository\org\hibernate\hibernate-entitymanager\3.3.2.GA\hibernate-entitymanager-3.3.2.GA.jar;C:\Users\lgunti.NISUM\.m2\repository\javassist\javassist\3.12.1.GA\javassist-3.12.1.GA.jar;C:\Users\lgunti.NISUM\.m2\repository\org\hibernate\javax\persistence\hibernate-jpa-2.0-api\1.0.1.Final\hibernate-jpa-2.0-api-1.0.1.Final.jar;C:\Users\lgunti.NISUM\.m2\repository\org\hibernate\hibernate-validator\4.0.2.GA\hibernate-validator-4.0.2.GA.jar;C:\Users\lgunti.NISUM\.m2\repository\javax\validation\validation-api\1.0.0.GA\validation-api-1.0.0.GA.jar;C:\Users\lgunti.NISUM\.m2\repository\javax\xml\bind\jaxb-api\2.1\jaxb-api-2.1.jar;C:\Users\lgunti.NISUM\.m2\repository\javax\xml\stream\stax-api\1.0-2\stax-api-1.0-2.jar;C:\Users\lgunti.NISUM\.m2\repository\javax\activation\activation\1.1\activation-1.1.jar;C:\Users\lgunti.NISUM\.m2\repository\com\sun\xml\bind\jaxb-impl\2.1.3\jaxb-impl-2.1.3.jar;C:\Users\lgunti.NISUM\.m2\repository\org\javassist\javassist\3.15.0-GA\javassist-3.15.0-GA.jar;C:\Users\lgunti.NISUM\.m2\repository\ma\glasnost\orika\orika-core\1.4.2\orika-core-1.4.2.jar;C:\Users\lgunti.NISUM\.m2\repository\com\thoughtworks\paranamer\paranamer\2.6\paranamer-2.6.jar;C:\Users\lgunti.NISUM\.m2\repository\com\googlecode\concurrentlinkedhashmap\concurrentlinkedhashmap-lru\1.2_jdk5\concurrentlinkedhashmap-lru-1.2_jdk5.jar;C:\Users\lgunti.NISUM\.m2\repository\org\codehaus\jackson\jackson-mapper-asl\1.9.13\jackson-mapper-asl-1.9.13.jar;C:\Users\lgunti.NISUM\.m2\repository\org\codehaus\jackson\jackson-core-asl\1.9.13\jackson-core-asl-1.9.13.jar;C:\Users\lgunti.NISUM\.m2\repository\org\slf4j\slf4j-log4j12\1.4.2\slf4j-log4j12-1.4.2.jar;C:\Users\lgunti.NISUM\.m2\repository\log4j\log4j\1.2.15\log4j-1.2.15.jar;C:\Users\lgunti.NISUM\.m2\repository\javax\mail\mail\1.4\mail-1.4.jar;C:\Users\lgunti.NISUM\.m2\repository\javax\jms\jms\1.1\jms-1.1.jar;C:\Users\lgunti.NISUM\.m2\repository\com\sun\jdmk\jmxtools\1.2.1\jmxtools-1.2.1.jar;C:\Users\lgunti.NISUM\.m2\repository\com\sun\jmx\jmxri\1.2.1\jmxri-1.2.1.jar;C:\Users\lgunti.NISUM\.m2\repository\junit\junit\4.11\junit-4.11.jar;C:\Users\lgunti.NISUM\.m2\repository\org\hamcrest\hamcrest-core\1.3\hamcrest-core-1.3.jar;"/>
    <property name="java.vm.specification.version" value="1.7"/>
    <property name="sun.arch.data.model" value="64"/>
    <property name="java.home" value="C:\Program Files\Java\jdk1.7.0_71\jre"/>
    <property name="sun.java.command" value="C:\Users\LGUNTI~1.NIS\AppData\Local\Temp\surefirebooter2622380256072594166.jar C:\Users\LGUNTI~1.NIS\AppData\Local\Temp\surefire5501006682674635530tmp C:\Users\LGUNTI~1.NIS\AppData\Local\Temp\surefire4586727985412492621tmp"/>
    <property name="java.specification.vendor" value="Oracle Corporation"/>
    <property name="user.language" value="en"/>
    <property name="awt.toolkit" value="sun.awt.windows.WToolkit"/>
    <property name="java.vm.info" value="mixed mode"/>
    <property name="java.version" value="1.7.0_71"/>
    <property name="java.ext.dirs" value="C:\Program Files\Java\jdk1.7.0_71\jre\lib\ext;C:\Windows\Sun\Java\lib\ext"/>
    <property name="sun.boot.class.path" value="C:\Program Files\Java\jdk1.7.0_71\jre\lib\resources.jar;C:\Program Files\Java\jdk1.7.0_71\jre\lib\rt.jar;C:\Program Files\Java\jdk1.7.0_71\jre\lib\sunrsasign.jar;C:\Program Files\Java\jdk1.7.0_71\jre\lib\jsse.jar;C:\Program Files\Java\jdk1.7.0_71\jre\lib\jce.jar;C:\Program Files\Java\jdk1.7.0_71\jre\lib\charsets.jar;C:\Program Files\Java\jdk1.7.0_71\jre\lib\jfr.jar;C:\Program Files\Java\jdk1.7.0_71\jre\classes"/>
    <property name="java.vendor" value="Oracle Corporation"/>
    <property name="localRepository" value="C:\Users\lgunti.NISUM\.m2\repository"/>
    <property name="file.separator" value="\"/>
    <property name="java.vendor.url.bug" value="http://bugreport.sun.com/bugreport/"/>
    <property name="sun.cpu.endian" value="little"/>
    <property name="sun.io.unicode.encoding" value="UnicodeLittle"/>
    <property name="sun.desktop" value="windows"/>
    <property name="sun.cpu.isalist" value="amd64"/>
  </properties>
  <testcase time="0.037" classname="hob.psd.todo.mapper.converter.StringToDateConverterTest" name="testStringToDateConverter"/>
</testsuite>